15:27:05.323 [main] INFO  - Url is opened
15:27:10.880 [main] INFO  - Email is entered
15:27:14.985 [main] INFO  - Password is entered
15:27:18.051 [main] INFO  - Signin Button is clicked
15:27:20.079 [main] INFO  - Login test passed
15:27:20.079 [main] INFO  - =======================================
15:27:24.382 [main] INFO  - Url is opened
15:27:32.806 [main] INFO  - Test is Passed
15:27:32.809 [main] INFO  - ForgotpasswordTest is Completed
15:27:32.809 [main] INFO  - =======================================
15:27:36.915 [main] INFO  - Url is opened
15:27:42.125 [main] INFO  - Email is entered
15:27:46.220 [main] INFO  - Password is entered
15:27:49.312 [main] INFO  - Signin Button is clicked
15:27:51.333 [main] INFO  - Login test passed
15:28:00.162 [main] INFO  - Test is Passed
15:28:00.162 [main] INFO  - Smart Test1 is Completed
15:28:09.064 [main] INFO  - Test is Passed
15:28:09.064 [main] INFO  - Smart Test2 is Completed
15:28:17.930 [main] INFO  - Test is Passed
15:28:17.930 [main] INFO  - Smart Test3 is Completed
15:28:27.015 [main] INFO  - Test is Passed
15:28:27.015 [main] INFO  - Smart Test4 is Completed
15:28:35.731 [main] INFO  - Test is Passed
15:28:35.731 [main] INFO  - Smart Test5 is Completed
15:28:35.731 [main] INFO  - =======================================
15:28:38.070 [main] INFO  - Url is opened
15:28:44.230 [main] INFO  - Email is entered
15:28:48.330 [main] INFO  - Password is entered
15:28:51.400 [main] INFO  - Signin Button is clicked
15:28:53.413 [main] INFO  - Login test passed
15:29:00.095 [main] INFO  - Test is Passed
15:29:00.095 [main] INFO  - TitleTest is Completed
15:29:08.720 [main] INFO  - Test is Passed
15:29:08.720 [main] INFO  - AbstractTest is Completed
15:29:17.286 [main] INFO  - Test is Passed
15:29:17.286 [main] INFO  - ClaimTest is Completed
15:29:26.995 [main] INFO  - Test is Passed
15:29:26.995 [main] INFO  - DescTest is Completed
15:29:39.525 [main] INFO  - Test is Passed
15:29:39.525 [main] INFO  - ALLTest is Completed
15:29:39.525 [main] INFO  - =======================================
15:29:41.805 [main] INFO  - Url is opened
15:29:47.921 [main] INFO  - Email is entered
15:29:52.006 [main] INFO  - Password is entered
15:29:55.083 [main] INFO  - Signin Button is clicked
15:29:57.096 [main] INFO  - Login test passed
15:30:06.053 [main] INFO  - Test is Passed
15:30:06.053 [main] INFO  - CPCTest is Completed
15:30:14.627 [main] INFO  - Test is Passed
15:30:14.627 [main] INFO  - CPCPTest is Completed
15:30:23.316 [main] INFO  - Test is Passed
15:30:23.317 [main] INFO  - ECLTest is Completed
15:30:32.230 [main] INFO  - Test is Passed
15:30:32.230 [main] INFO  - IPCTest is Completed
15:30:41.064 [main] INFO  - Test is Passed
15:30:41.064 [main] INFO  - JCLTest is Completed
15:30:49.674 [main] INFO  - Test is Passed
15:30:49.674 [main] INFO  - USCTest is Completed
15:30:58.338 [main] INFO  - Test is Passed
15:30:58.338 [main] INFO  - PCLTest is Completed
15:31:06.954 [main] INFO  - Test is Passed
15:31:06.954 [main] INFO  - LCTest is Completed
15:31:06.954 [main] INFO  - ============================================
15:31:11.156 [main] INFO  - Url is opened
15:31:16.400 [main] INFO  - Email is entered
15:31:20.473 [main] INFO  - Password is entered
15:31:23.541 [main] INFO  - Signin Button is clicked
15:31:25.552 [main] INFO  - Login test passed
15:31:35.818 [main] INFO  - Test is Passed
15:31:35.818 [main] INFO  - BONTest is Completed
15:31:44.621 [main] INFO  - Test is Passed
15:31:44.621 [main] INFO  - BOVTest is Completed
15:31:44.621 [main] INFO  - =========================================
15:31:48.787 [main] INFO  - Url is opened
15:31:53.981 [main] INFO  - Email is entered
15:31:58.061 [main] INFO  - Password is entered
15:32:01.142 [main] INFO  - Signin Button is clicked
15:32:03.157 [main] INFO  - Login test passed
15:32:11.905 [main] INFO  - Test is Passed
15:32:11.905 [main] INFO  - CAOriginalTest is Completed
15:32:22.701 [main] INFO  - Test is Passed
15:32:22.701 [main] INFO  - CAStandardizedTest is Completed
15:32:33.461 [main] INFO  - Test is Passed
15:32:33.461 [main] INFO  - CANormalizedTest is Completed
15:32:42.083 [main] INFO  - Test is Passed
15:32:42.083 [main] INFO  - InventorTest is Completed
15:32:50.651 [main] INFO  - Test is Passed
15:32:50.651 [main] INFO  - ExaminerTest is Completed
15:32:59.483 [main] INFO  - Test is Passed
15:32:59.483 [main] INFO  - AttorneyAgentTest is Completed
15:33:08.206 [main] INFO  - Test is Passed
15:33:08.209 [main] INFO  - AAPOriginalTest is Completed
15:33:16.970 [main] INFO  - Test is Passed
15:33:16.970 [main] INFO  - AAPStandardizedTest is Completed
15:33:25.642 [main] INFO  - Test is Passed
15:33:25.642 [main] INFO  - AAPNormalizedTest is Completed
15:33:34.701 [main] INFO  - Test is Passed
15:33:34.701 [main] INFO  - CorrespondentTest is Completed
15:33:43.416 [main] INFO  - Test is Passed
15:33:43.416 [main] INFO  - AssigneeAppTest is Completed
15:33:43.416 [main] INFO  - =======================================
15:33:45.778 [main] INFO  - Url is opened
15:33:51.753 [main] INFO  - Email is entered
15:33:55.874 [main] INFO  - Password is entered
15:33:58.929 [main] INFO  - Signin Button is clicked
15:34:00.956 [main] INFO  - Login test passed
15:34:07.790 [main] INFO  - Test is Passed
15:34:07.790 [main] INFO  - PublicationNoTest is Completed
15:34:16.502 [main] INFO  - Test is Passed
15:34:16.502 [main] INFO  - ApplicationNoTest is Completed
15:34:25.406 [main] INFO  - Test is Passed
15:34:25.406 [main] INFO  - PriorityNoTest is Completed
15:34:34.133 [main] INFO  - Test is Passed
15:34:34.133 [main] INFO  - PCTAppNoTest is Completed
15:34:42.884 [main] INFO  - Test is Passed
15:34:42.884 [main] INFO  - PCTPubNoTest is Completed
15:34:51.289 [main] INFO  - Test is Failed
15:35:00.539 [main] INFO  - Test is Passed
15:35:00.547 [main] INFO  - CompleteFamilyTest is Completed
15:35:09.496 [main] INFO  - Test is Passed
15:35:09.496 [main] INFO  - DomesticFamilyTest is Completed
15:35:18.254 [main] INFO  - Test is Passed
15:35:18.254 [main] INFO  - ExtendedFamilyTest is Completed
15:35:27.048 [main] INFO  - Test is Passed
15:35:27.048 [main] INFO  - MainFamilyTest is Completed
15:35:36.049 [main] INFO  - Test is Passed
15:35:36.049 [main] INFO  - SimpleFamilyTest is Completed
15:35:36.049 [main] INFO  - ============================================
15:35:40.272 [main] INFO  - Url is opened
15:35:45.488 [main] INFO  - Email is entered
15:35:49.572 [main] INFO  - Password is entered
15:35:52.657 [main] INFO  - Signin Button is clicked
15:35:54.668 [main] INFO  - Login test passed
15:36:02.543 [main] INFO  - Test is Passed
15:36:02.543 [main] INFO  - BCNTest is Completed
15:36:11.601 [main] INFO  - Test is Passed
15:36:11.601 [main] INFO  - BCPTest is Completed
15:36:20.694 [main] INFO  - Test is Passed
15:36:20.702 [main] INFO  - FCPTest is Completed
15:36:20.702 [main] INFO  - =========================================
15:36:25.032 [main] INFO  - Url is opened
15:36:30.249 [main] INFO  - Email is entered
15:36:34.321 [main] INFO  - Password is entered
15:36:37.393 [main] INFO  - Signin Button is clicked
15:36:39.408 [main] INFO  - Login test passed
15:36:48.107 [main] INFO  - Test is Passed
15:36:48.107 [main] INFO  - ApplicantAddTest is Completed
15:36:56.584 [main] INFO  - Test is Passed
15:36:56.586 [main] INFO  - AssigneeAddTest is Completed
15:37:05.039 [main] INFO  - Test is Passed
15:37:05.039 [main] INFO  - AssigneeCountryTest is Completed
15:37:14.872 [main] INFO  - Test is Passed
15:37:14.872 [main] INFO  - AttorneyagentAddTest is Completed
15:37:23.956 [main] INFO  - Test is Failed
15:37:33.072 [main] INFO  - Test is Passed
15:37:33.072 [main] INFO  - CurrentAssigneeAddTest is Completed
15:37:42.257 [main] INFO  - Test is Passed
15:37:42.257 [main] INFO  - InventorAddTest is Completed
15:37:42.257 [main] INFO  - =======================================
15:37:44.679 [main] INFO  - Url is opened
15:37:50.823 [main] INFO  - Email is entered
15:37:54.945 [main] INFO  - Password is entered
15:37:58.005 [main] INFO  - Signin Button is clicked
15:38:00.040 [main] INFO  - Login test passed
15:38:07.870 [main] INFO  - Test is Passed
15:38:07.870 [main] INFO  - ApplicationDateTest is Completed
15:38:17.532 [main] INFO  - Test is Passed
15:38:17.532 [main] INFO  - ApplicationYearTest is Completed
15:38:26.278 [main] INFO  - Test is Passed
15:38:26.278 [main] INFO  - PCTAppDateTest is Completed
15:38:34.797 [main] INFO  - Test is Passed
15:38:34.797 [main] INFO  - PCTPubDateTest is Completed
15:38:43.305 [main] INFO  - Test is Passed
15:38:43.305 [main] INFO  - PriorityDateTest is Completed
15:38:56.820 [main] INFO  - Test is Passed
15:38:56.824 [main] INFO  - PriorityYearTest is Completed
15:39:06.571 [main] INFO  - Test is Passed
15:39:06.571 [main] INFO  - PublicationDateTest is Completed
15:39:15.193 [main] INFO  - Test is Passed
15:39:15.197 [main] INFO  - PublicationYearTest is Completed
15:39:23.933 [main] INFO  - Test is Passed
15:39:23.933 [main] INFO  - ExpiryDateTest is Completed
15:39:23.933 [main] INFO  - =======================================
15:39:28.091 [main] INFO  - Url is opened
15:39:33.260 [main] INFO  - Email is entered
15:39:37.344 [main] INFO  - Password is entered
15:39:40.409 [main] INFO  - Signin Button is clicked
15:39:42.415 [main] INFO  - Login test passed
15:39:48.898 [main] INFO  - Test is Passed
15:39:48.898 [main] INFO  - AssigneeCountTest is Completed
15:39:57.540 [main] INFO  - Test is Passed
15:39:57.540 [main] INFO  - PublicationKCTest is Completed
15:40:05.995 [main] INFO  - Test is Passed
15:40:05.995 [main] INFO  - PublicationLangTest is Completed
15:40:14.514 [main] INFO  - Test is Failed
15:40:16.979 [main] INFO  - Url is opened
15:40:23.209 [main] INFO  - Email is entered
15:40:27.314 [main] INFO  - Password is entered
15:40:30.411 [main] INFO  - Signin Button is clicked
15:40:32.804 [main] INFO  - Login test passed
15:40:44.446 [main] INFO  - Test is Passed
15:40:44.446 [main] INFO  - PubCountryTest is Completed
15:40:53.945 [main] INFO  - Test is Passed
15:40:53.953 [main] INFO  - AppCountryTest is Completed
15:41:03.404 [main] INFO  - Test is Passed
15:41:03.404 [main] INFO  - PriorityCountryTest is Completed
15:41:12.862 [main] INFO  - Test is Passed
15:41:12.862 [main] INFO  - PCTPubCountryTest is Completed
15:41:12.862 [main] INFO  - =======================================
15:41:17.053 [main] INFO  - Url is opened
15:41:22.240 [main] INFO  - Email is entered
15:41:26.322 [main] INFO  - Password is entered
15:41:29.417 [main] INFO  - Signin Button is clicked
15:41:31.429 [main] INFO  - Login test passed
15:41:38.059 [main] INFO  - Test is Passed
15:41:38.059 [main] INFO  - DesignatedAllStatesEP is Completed
15:41:47.680 [main] INFO  - Test is Passed
15:41:47.680 [main] INFO  - ContractingStatesEP is Completed
15:41:57.238 [main] INFO  - Test is Passed
15:41:57.242 [main] INFO  - ExtensionStatesEP is Completed
15:42:06.761 [main] INFO  - Test is Passed
15:42:06.761 [main] INFO  - ValidationStatesEP is Completed
15:42:16.244 [main] INFO  - Test is Failed
15:42:20.655 [main] INFO  - Url is opened
15:42:25.825 [main] INFO  - Email is entered
15:42:29.910 [main] INFO  - Password is entered
15:42:32.967 [main] INFO  - Signin Button is clicked
15:42:34.993 [main] INFO  - Login test passed
15:42:41.556 [main] INFO  - Test is Passed
15:42:41.556 [main] INFO  - DesAllStatesPCT is Completed
15:42:51.240 [main] INFO  - Test is Passed
15:42:51.240 [main] INFO  - RegionalCountryPCT is Completed
15:43:00.758 [main] INFO  - Test is Failed
15:43:10.534 [main] INFO  - Test is Passed
15:43:10.534 [main] INFO  - RegionalRCountryPCT is Completed
15:43:20.108 [main] INFO  - Test is Passed
15:43:20.108 [main] INFO  - PCTNational is Completed
15:43:29.648 [main] INFO  - Test is Failed
15:43:34.122 [main] INFO  - Url is opened
15:43:39.309 [main] INFO  - Email is entered
15:43:43.392 [main] INFO  - Password is entered
15:43:46.465 [main] INFO  - Signin Button is clicked
15:43:48.480 [main] INFO  - Login test passed
15:43:58.057 [main] INFO  - Test is Passed
15:43:58.057 [main] INFO  - StateAliveTest is Completed
15:44:07.502 [main] INFO  - Test is Passed
15:44:07.504 [main] INFO  - StateDeadTest is Completed
15:44:07.504 [main] INFO  - =======================================
15:44:11.692 [main] INFO  - Url is opened
15:44:16.887 [main] INFO  - Email is entered
15:44:20.975 [main] INFO  - Password is entered
15:44:24.058 [main] INFO  - Signin Button is clicked
15:44:26.071 [main] INFO  - Login test passed
15:44:35.592 [main] INFO  - Test is Passed
15:44:35.592 [main] INFO  - StatusFiledTest is Completed
15:44:45.087 [main] INFO  - Test is Passed
15:44:45.087 [main] INFO  - StatusCeasedTest is Completed
15:44:45.087 [main] INFO  - =======================================
15:44:54.648 [main] INFO  - Test is Passed
15:44:54.648 [main] INFO  - StatusGrantedTest is Completed
15:44:58.912 [main] INFO  - Url is opened
15:45:04.108 [main] INFO  - Email is entered
15:45:08.188 [main] INFO  - Password is entered
15:45:11.278 [main] INFO  - Signin Button is clicked
15:45:13.293 [main] INFO  - Login test passed
15:45:22.855 [main] INFO  - Test is Passed
15:45:22.855 [main] INFO  - TypeUtilityTest is Completed
15:45:32.343 [main] INFO  - Test is Passed
15:45:32.343 [main] INFO  - TypeDesignTest is Completed
15:45:41.827 [main] INFO  - Test is Passed
15:45:41.832 [main] INFO  - TypePlantTest is Completed
15:45:41.832 [main] INFO  - =======================================
15:45:45.817 [main] INFO  - Url is opened
15:45:51.046 [main] INFO  - Email is entered
15:45:55.128 [main] INFO  - Password is entered
15:45:58.224 [main] INFO  - Signin Button is clicked
15:46:00.235 [main] INFO  - Login test passed
15:46:09.974 [main] INFO  - Test is Passed
15:46:09.974 [main] INFO  - PubApplicationTest is Completed
15:46:19.474 [main] INFO  - Test is Passed
15:46:19.474 [main] INFO  - PubGrantTest is Completed
15:46:19.479 [main] INFO  - =======================================
15:46:23.514 [main] INFO  - Url is opened
15:46:28.679 [main] INFO  - Email is entered
15:46:32.781 [main] INFO  - Password is entered
15:46:35.852 [main] INFO  - Signin Button is clicked
15:46:37.879 [main] INFO  - Login test passed
15:47:06.726 [main] INFO  - Test is Passed
15:47:06.726 [main] INFO  - FieldedTest2 is Completed
15:47:10.583 [main] INFO  - Url is opened
15:47:15.762 [main] INFO  - Email is entered
15:47:19.850 [main] INFO  - Password is entered
15:47:22.905 [main] INFO  - Signin Button is clicked
15:47:24.911 [main] INFO  - Login test passed
15:47:50.590 [main] INFO  - Test is Passed
15:47:50.590 [main] INFO  - FieldedTest3 is Completed
15:47:50.590 [main] INFO  - =========================================
15:47:54.760 [main] INFO  - Url is opened
15:47:59.960 [main] INFO  - Email is entered
15:48:04.036 [main] INFO  - Password is entered
15:48:07.108 [main] INFO  - Signin Button is clicked
15:48:09.119 [main] INFO  - Login test passed
15:48:19.948 [main] INFO  - Test is Passed
15:48:19.948 [main] INFO  - PubNumberSTest is Completed
15:48:32.739 [main] INFO  - Test is Passed
15:48:32.739 [main] INFO  - AppNumberSTest is Completed
15:48:45.721 [main] INFO  - Test is Passed
15:48:45.723 [main] INFO  - PRNNumberSTest is Completed
15:48:45.723 [main] INFO  - =========================================
15:48:50.050 [main] INFO  - Url is opened
15:48:55.273 [main] INFO  - Email is entered
15:48:59.368 [main] INFO  - Password is entered
15:49:02.418 [main] INFO  - Signin Button is clicked
15:49:04.438 [main] INFO  - Login test passed
15:49:18.538 [main] INFO  - Test is Passed
15:49:18.538 [main] INFO  - PubnoAllcheckTest is Completed
15:49:29.252 [main] INFO  - Test is Passed
15:49:29.257 [main] INFO  - AppnoAllcheckTest is Completed
15:49:39.967 [main] INFO  - Test is Passed
15:49:39.967 [main] INFO  - PRNnoAllcheckTest is Completed
15:49:39.971 [main] INFO  - =========================================
15:49:46.298 [main] INFO  - Url is opened
15:49:51.501 [main] INFO  - Email is entered
15:49:55.589 [main] INFO  - Password is entered
15:49:58.645 [main] INFO  - Signin Button is clicked
15:50:00.658 [main] INFO  - Login test passed
15:50:21.037 [main] INFO  - Test is Passed
15:50:21.037 [main] INFO  - Pub50FileUpTest is Completed
15:50:48.611 [main] INFO  - Test is Passed
15:50:48.611 [main] INFO  - App50FileUpTest is Completed
15:51:16.098 [main] INFO  - Test is Passed
15:51:16.098 [main] INFO  - Prn50FileUpTest is Completed
15:51:16.099 [main] INFO  - ==============================================
15:51:20.322 [main] INFO  - Url is opened
15:51:26.321 [main] INFO  - Email is entered
15:51:30.397 [main] INFO  - Password is entered
15:51:33.506 [main] INFO  - Signin Button is clicked
15:51:35.523 [main] INFO  - Login test passed
15:51:55.927 [main] INFO  - Test is Passed
15:51:55.927 [main] INFO  - Pub50TxtFileUpTest is Completed
15:52:23.453 [main] INFO  - Test is Passed
15:52:23.453 [main] INFO  - App50TxtFileUpTest is Completed
15:52:50.922 [main] INFO  - Test is Passed
15:52:50.922 [main] INFO  - Prn50TxtFileUpTest is Completed
15:52:50.922 [main] INFO  - ==============================================
15:52:56.849 [main] INFO  - Url is opened
15:53:02.040 [main] INFO  - Email is entered
15:53:06.123 [main] INFO  - Password is entered
15:53:09.234 [main] INFO  - Signin Button is clicked
15:53:11.255 [main] INFO  - Login test passed
15:53:44.313 [main] INFO  - Url is opened
15:53:49.484 [main] INFO  - Email is entered
15:53:53.558 [main] INFO  - Password is entered
15:53:56.624 [main] INFO  - Signin Button is clicked
15:53:58.636 [main] INFO  - Login test passed
15:54:35.480 [main] INFO  - Url is opened
15:54:40.710 [main] INFO  - Email is entered
15:54:44.793 [main] INFO  - Password is entered
15:54:47.854 [main] INFO  - Signin Button is clicked
15:54:49.870 [main] INFO  - Login test passed
15:56:51.606 [main] INFO  - Url is opened
15:56:56.840 [main] INFO  - Email is entered
15:57:00.936 [main] INFO  - Password is entered
15:57:04.004 [main] INFO  - Signin Button is clicked
15:57:06.018 [main] INFO  - Login test passed
15:57:20.933 [main] INFO  - Test is passed
15:05:47.886 [main] INFO  - Url is opened
15:05:53.793 [main] INFO  - Email is entered
15:05:57.901 [main] INFO  - Password is entered
15:06:00.977 [main] INFO  - Signin Button is clicked
15:06:03.000 [main] INFO  - Login test passed
15:07:29.026 [main] INFO  - Url is opened
15:07:34.285 [main] INFO  - Email is entered
15:07:38.400 [main] INFO  - Password is entered
15:07:41.468 [main] INFO  - Signin Button is clicked
15:07:43.493 [main] INFO  - Login test passed
15:08:43.928 [main] INFO  - Url is opened
15:08:50.176 [main] INFO  - Email is entered
15:08:54.276 [main] INFO  - Password is entered
15:08:57.356 [main] INFO  - Signin Button is clicked
15:08:59.381 [main] INFO  - Login test passed
15:20:11.702 [main] INFO  - Url is opened
15:20:16.981 [main] INFO  - Email is entered
15:20:21.073 [main] INFO  - Password is entered
15:20:24.136 [main] INFO  - Signin Button is clicked
15:20:26.156 [main] INFO  - Login test passed
15:45:17.038 [main] INFO  - Url is opened
15:45:22.263 [main] INFO  - Email is entered
15:45:26.340 [main] INFO  - Password is entered
15:45:29.414 [main] INFO  - Signin Button is clicked
15:45:31.430 [main] INFO  - Login test passed
15:45:49.843 [main] INFO  - Test is Passed
15:45:49.843 [main] INFO  - ClassesSuggTest2 is Completed
15:46:01.026 [main] INFO  - Test is Passed
15:46:01.026 [main] INFO  - ClassesSuggTest3 is Completed
15:48:04.461 [main] INFO  - Url is opened
15:48:09.738 [main] INFO  - Email is entered
15:48:13.826 [main] INFO  - Password is entered
15:48:16.889 [main] INFO  - Signin Button is clicked
15:48:18.897 [main] INFO  - Login test passed
15:48:27.229 [main] INFO  - Test is Passed
15:48:27.229 [main] INFO  - ClassesSuggTest1 is Completed
15:48:38.511 [main] INFO  - Test is Passed
15:48:38.511 [main] INFO  - ClassesSuggTest2 is Completed
15:48:49.651 [main] INFO  - Test is Passed
15:48:49.651 [main] INFO  - ClassesSuggTest3 is Completed
15:50:25.490 [main] INFO  - Url is opened
15:50:30.699 [main] INFO  - Email is entered
15:50:34.770 [main] INFO  - Password is entered
15:50:37.835 [main] INFO  - Signin Button is clicked
15:50:39.854 [main] INFO  - Login test passed
15:50:48.298 [main] INFO  - Test is Passed
15:50:48.298 [main] INFO  - ClassesSuggTest1 is Completed
15:50:59.592 [main] INFO  - Test is Passed
15:50:59.592 [main] INFO  - ClassesSuggTest2 is Completed
15:51:10.731 [main] INFO  - Test is Passed
15:51:10.731 [main] INFO  - ClassesSuggTest3 is Completed
15:53:03.876 [main] INFO  - Url is opened
15:53:09.096 [main] INFO  - Email is entered
15:53:13.164 [main] INFO  - Password is entered
15:53:16.215 [main] INFO  - Signin Button is clicked
15:53:18.243 [main] INFO  - Login test passed
15:53:26.598 [main] INFO  - Test is Passed
15:53:26.598 [main] INFO  - ClassesSuggTest1 is Completed
15:53:37.887 [main] INFO  - Test is Passed
15:53:37.887 [main] INFO  - ClassesSuggTest2 is Completed
15:53:49.090 [main] INFO  - Test is Passed
15:53:49.090 [main] INFO  - ClassesSuggTest3 is Completed
15:56:06.555 [main] INFO  - Url is opened
15:56:11.755 [main] INFO  - Email is entered
15:56:15.838 [main] INFO  - Password is entered
15:56:18.924 [main] INFO  - Signin Button is clicked
15:56:20.944 [main] INFO  - Login test passed
15:56:29.317 [main] INFO  - Test is Passed
15:56:29.317 [main] INFO  - ClassesSuggTest1 is Completed
15:56:40.556 [main] INFO  - Test is Passed
15:56:40.556 [main] INFO  - ClassesSuggTest2 is Completed
15:56:51.712 [main] INFO  - Test is Passed
15:56:51.712 [main] INFO  - ClassesSuggTest3 is Completed
15:58:57.434 [main] INFO  - Url is opened
15:59:02.621 [main] INFO  - Email is entered
15:59:06.690 [main] INFO  - Password is entered
15:59:09.733 [main] INFO  - Signin Button is clicked
15:59:11.751 [main] INFO  - Login test passed
15:59:20.100 [main] INFO  - Test is Passed
15:59:20.100 [main] INFO  - ClassesSuggTest1 is Completed
15:59:31.366 [main] INFO  - Test is Passed
15:59:31.366 [main] INFO  - ClassesSuggTest2 is Completed
15:59:42.493 [main] INFO  - Test is Passed
15:59:42.493 [main] INFO  - ClassesSuggTest3 is Completed
16:19:24.426 [main] INFO  - Url is opened
16:19:29.724 [main] INFO  - Email is entered
16:19:33.834 [main] INFO  - Password is entered
16:19:36.915 [main] INFO  - Signin Button is clicked
16:19:38.936 [main] INFO  - Login test passed
16:20:57.494 [main] INFO  - Url is opened
16:21:02.804 [main] INFO  - Email is entered
16:21:06.893 [main] INFO  - Password is entered
16:21:09.998 [main] INFO  - Signin Button is clicked
16:21:12.024 [main] INFO  - Login test passed
16:27:28.863 [main] INFO  - Url is opened
16:27:34.200 [main] INFO  - Email is entered
16:27:38.302 [main] INFO  - Password is entered
16:27:41.417 [main] INFO  - Signin Button is clicked
16:27:43.449 [main] INFO  - Login test passed
16:29:11.329 [main] INFO  - Url is opened
16:29:16.676 [main] INFO  - Email is entered
16:29:20.785 [main] INFO  - Password is entered
16:29:23.858 [main] INFO  - Signin Button is clicked
16:29:25.930 [main] INFO  - Login test passed
16:30:20.080 [main] INFO  - Url is opened
16:30:25.464 [main] INFO  - Email is entered
16:30:29.574 [main] INFO  - Password is entered
16:30:32.665 [main] INFO  - Signin Button is clicked
16:30:34.688 [main] INFO  - Login test passed
15:56:22.240 [main] INFO  - Url is opened
15:56:27.576 [main] INFO  - Email is entered
15:56:31.685 [main] INFO  - Password is entered
15:56:34.783 [main] INFO  - Signin Button is clicked
15:56:36.842 [main] INFO  - Login test passed
15:58:12.976 [main] INFO  - Url is opened
15:58:18.259 [main] INFO  - Email is entered
15:58:22.379 [main] INFO  - Password is entered
15:58:25.486 [main] INFO  - Signin Button is clicked
15:58:27.519 [main] INFO  - Login test passed
16:02:37.267 [main] INFO  - Url is opened
16:02:42.547 [main] INFO  - Email is entered
16:02:46.675 [main] INFO  - Password is entered
16:02:49.766 [main] INFO  - Signin Button is clicked
16:02:51.793 [main] INFO  - Login test passed
16:04:25.441 [main] INFO  - Url is opened
16:04:30.734 [main] INFO  - Email is entered
16:04:34.839 [main] INFO  - Password is entered
16:04:37.929 [main] INFO  - Signin Button is clicked
16:04:39.964 [main] INFO  - Login test passed
16:10:52.127 [main] INFO  - Url is opened
16:10:57.450 [main] INFO  - Email is entered
16:11:01.546 [main] INFO  - Password is entered
16:11:04.635 [main] INFO  - Signin Button is clicked
16:11:06.663 [main] INFO  - Login test passed
16:12:15.344 [main] INFO  - Url is opened
16:12:23.989 [main] INFO  - Email is entered
16:12:28.132 [main] INFO  - Password is entered
16:12:31.234 [main] INFO  - Signin Button is clicked
16:12:33.259 [main] INFO  - Login test passed
16:13:41.035 [main] INFO  - Url is opened
16:13:46.354 [main] INFO  - Email is entered
16:13:50.454 [main] INFO  - Password is entered
16:13:53.568 [main] INFO  - Signin Button is clicked
16:13:55.589 [main] INFO  - Login test passed
16:15:10.845 [main] INFO  - Url is opened
16:15:16.201 [main] INFO  - Email is entered
16:15:20.347 [main] INFO  - Password is entered
16:15:23.442 [main] INFO  - Signin Button is clicked
16:15:25.471 [main] INFO  - Login test passed
16:17:06.728 [main] INFO  - Url is opened
16:17:12.099 [main] INFO  - Email is entered
16:17:16.215 [main] INFO  - Password is entered
16:17:19.320 [main] INFO  - Signin Button is clicked
16:17:21.348 [main] INFO  - Login test passed
16:20:00.750 [main] INFO  - Url is opened
16:20:06.012 [main] INFO  - Email is entered
16:20:10.113 [main] INFO  - Password is entered
16:20:13.202 [main] INFO  - Signin Button is clicked
16:20:15.222 [main] INFO  - Login test passed
16:26:53.586 [main] INFO  - Url is opened
16:26:58.861 [main] INFO  - Email is entered
16:27:02.968 [main] INFO  - Password is entered
16:27:06.047 [main] INFO  - Signin Button is clicked
16:27:08.072 [main] INFO  - Login test passed
16:29:11.276 [main] INFO  - Url is opened
16:31:22.605 [main] INFO  - Url is opened
16:31:27.938 [main] INFO  - Email is entered
16:31:32.055 [main] INFO  - Password is entered
16:31:35.177 [main] INFO  - Signin Button is clicked
16:31:37.203 [main] INFO  - Login test passed
16:31:45.760 [main] INFO  - Test is Passed
16:31:45.760 [main] INFO  - KeywordSuggTest1 is Completed
16:31:53.943 [main] INFO  - Test is Passed
16:31:53.943 [main] INFO  - KeywordSuggTest2 is Completed
15:17:22.269 [main] INFO  - Url is opened
15:17:27.611 [main] INFO  - Email is entered
15:17:31.690 [main] INFO  - Password is entered
15:17:34.773 [main] INFO  - Signin Button is clicked
15:17:36.785 [main] INFO  - Login test passed
15:17:45.315 [main] INFO  - Test is Passed
15:17:45.315 [main] INFO  - KeywordSuggTest1 is Completed
15:20:17.227 [main] INFO  - Url is opened
15:20:22.562 [main] INFO  - Email is entered
15:20:26.640 [main] INFO  - Password is entered
15:20:29.721 [main] INFO  - Signin Button is clicked
15:20:31.754 [main] INFO  - Login test passed
15:20:40.250 [main] INFO  - Test is Passed
15:20:40.250 [main] INFO  - KeywordSuggTest1 is Completed
15:20:51.596 [main] INFO  - Test is Passed
15:20:51.596 [main] INFO  - KeywordSuggTest2 is Completed
15:21:51.077 [main] INFO  - Url is opened
15:21:56.331 [main] INFO  - Email is entered
15:22:00.422 [main] INFO  - Password is entered
15:22:03.540 [main] INFO  - Signin Button is clicked
15:22:05.569 [main] INFO  - Login test passed
15:22:14.130 [main] INFO  - Test is Passed
15:22:14.130 [main] INFO  - KeywordSuggTest1 is Completed
15:22:26.483 [main] INFO  - Test is Passed
15:22:26.483 [main] INFO  - KeywordSuggTest2 is Completed
15:36:03.048 [main] INFO  - Url is opened
15:36:08.324 [main] INFO  - Email is entered
15:36:12.398 [main] INFO  - Password is entered
15:36:15.485 [main] INFO  - Signin Button is clicked
15:36:17.513 [main] INFO  - Login test passed
15:37:14.213 [main] INFO  - Url is opened
15:37:19.463 [main] INFO  - Email is entered
15:37:23.537 [main] INFO  - Password is entered
15:37:26.629 [main] INFO  - Signin Button is clicked
15:37:28.652 [main] INFO  - Login test passed
15:44:34.592 [main] INFO  - Url is opened
15:44:39.917 [main] INFO  - Email is entered
15:44:44.008 [main] INFO  - Password is entered
15:44:47.117 [main] INFO  - Signin Button is clicked
15:44:49.139 [main] INFO  - Login test passed
15:58:42.761 [main] INFO  - Url is opened
15:58:48.070 [main] INFO  - Email is entered
15:58:52.161 [main] INFO  - Password is entered
15:58:55.237 [main] INFO  - Signin Button is clicked
15:58:57.264 [main] INFO  - Login test passed
16:00:04.608 [main] INFO  - Url is opened
16:00:09.819 [main] INFO  - Email is entered
16:00:13.911 [main] INFO  - Password is entered
16:00:16.977 [main] INFO  - Signin Button is clicked
16:00:18.987 [main] INFO  - Login test passed
16:08:21.085 [main] INFO  - Url is opened
16:08:26.326 [main] INFO  - Email is entered
16:08:30.397 [main] INFO  - Password is entered
16:08:33.464 [main] INFO  - Signin Button is clicked
16:08:35.487 [main] INFO  - Login test passed
16:09:49.715 [main] INFO  - Url is opened
16:09:54.902 [main] INFO  - Email is entered
16:09:58.998 [main] INFO  - Password is entered
16:10:02.066 [main] INFO  - Signin Button is clicked
16:10:04.097 [main] INFO  - Login test passed
16:13:05.671 [main] INFO  - Url is opened
16:13:10.880 [main] INFO  - Email is entered
16:13:14.967 [main] INFO  - Password is entered
16:13:18.024 [main] INFO  - Signin Button is clicked
16:13:20.049 [main] INFO  - Login test passed
16:15:12.394 [main] INFO  - Url is opened
16:15:17.592 [main] INFO  - Email is entered
16:15:21.695 [main] INFO  - Password is entered
16:15:24.754 [main] INFO  - Signin Button is clicked
16:15:26.765 [main] INFO  - Login test passed
16:19:07.571 [main] INFO  - Url is opened
16:19:12.745 [main] INFO  - Email is entered
16:19:16.835 [main] INFO  - Password is entered
16:19:19.897 [main] INFO  - Signin Button is clicked
16:19:21.922 [main] INFO  - Login test passed
16:29:47.532 [main] INFO  - Url is opened
16:29:52.878 [main] INFO  - Email is entered
16:29:56.949 [main] INFO  - Password is entered
16:30:00.017 [main] INFO  - Signin Button is clicked
16:30:02.037 [main] INFO  - Login test passed
16:30:57.934 [main] INFO  - Url is opened
16:31:03.145 [main] INFO  - Email is entered
16:31:07.213 [main] INFO  - Password is entered
16:31:10.274 [main] INFO  - Signin Button is clicked
16:31:12.301 [main] INFO  - Login test passed
16:14:37.507 [main] INFO  - Url is opened
16:14:42.842 [main] INFO  - Email is entered
16:14:46.949 [main] INFO  - Password is entered
16:14:50.057 [main] INFO  - Signin Button is clicked
16:14:52.083 [main] INFO  - Login test passed
16:27:09.215 [main] INFO  - Url is opened
16:27:14.624 [main] INFO  - Email is entered
16:27:18.722 [main] INFO  - Password is entered
16:27:21.819 [main] INFO  - Signin Button is clicked
16:27:23.846 [main] INFO  - Login test passed
16:29:15.813 [main] INFO  - Url is opened
16:29:21.075 [main] INFO  - Email is entered
16:29:25.203 [main] INFO  - Password is entered
16:29:28.285 [main] INFO  - Signin Button is clicked
16:29:30.313 [main] INFO  - Login test passed
16:30:50.015 [main] INFO  - Url is opened
16:30:55.251 [main] INFO  - Email is entered
16:30:59.344 [main] INFO  - Password is entered
16:31:02.455 [main] INFO  - Signin Button is clicked
16:31:04.484 [main] INFO  - Login test passed
16:32:46.774 [main] INFO  - Url is opened
16:32:52.148 [main] INFO  - Email is entered
16:32:56.246 [main] INFO  - Password is entered
16:32:59.336 [main] INFO  - Signin Button is clicked
16:33:01.362 [main] INFO  - Login test passed
16:34:17.337 [main] INFO  - Url is opened
16:34:22.653 [main] INFO  - Email is entered
16:34:26.795 [main] INFO  - Password is entered
16:34:29.899 [main] INFO  - Signin Button is clicked
16:34:31.932 [main] INFO  - Login test passed
16:36:16.073 [main] INFO  - Url is opened
16:36:21.384 [main] INFO  - Email is entered
16:36:25.497 [main] INFO  - Password is entered
16:36:28.591 [main] INFO  - Signin Button is clicked
16:36:30.614 [main] INFO  - Login test passed
16:38:00.285 [main] INFO  - Url is opened
16:38:05.612 [main] INFO  - Email is entered
16:38:09.756 [main] INFO  - Password is entered
16:38:12.831 [main] INFO  - Signin Button is clicked
16:38:14.851 [main] INFO  - Login test passed
16:42:54.899 [main] INFO  - Url is opened
16:43:00.180 [main] INFO  - Email is entered
16:43:04.301 [main] INFO  - Password is entered
16:43:07.415 [main] INFO  - Signin Button is clicked
16:43:09.443 [main] INFO  - Login test passed
16:45:29.852 [main] INFO  - Url is opened
16:45:35.119 [main] INFO  - Email is entered
16:45:39.212 [main] INFO  - Password is entered
16:45:42.317 [main] INFO  - Signin Button is clicked
16:45:44.342 [main] INFO  - Login test passed
16:46:23.562 [main] INFO  - Url is opened
16:46:28.863 [main] INFO  - Email is entered
16:46:32.996 [main] INFO  - Password is entered
16:46:36.080 [main] INFO  - Signin Button is clicked
16:46:38.111 [main] INFO  - Login test passed
16:48:26.334 [main] INFO  - Url is opened
16:48:33.992 [main] INFO  - Email is entered
16:48:38.129 [main] INFO  - Password is entered
16:48:41.216 [main] INFO  - Signin Button is clicked
16:48:43.238 [main] INFO  - Login test passed
16:50:46.133 [main] INFO  - Url is opened
16:50:51.504 [main] INFO  - Email is entered
16:50:55.627 [main] INFO  - Password is entered
16:50:58.734 [main] INFO  - Signin Button is clicked
16:51:00.754 [main] INFO  - Login test passed
16:52:17.631 [main] INFO  - Url is opened
16:52:22.936 [main] INFO  - Email is entered
16:52:27.051 [main] INFO  - Password is entered
16:52:30.158 [main] INFO  - Signin Button is clicked
16:52:32.177 [main] INFO  - Login test passed
16:57:04.833 [main] INFO  - Url is opened
16:57:23.175 [main] INFO  - Url is opened
16:57:28.417 [main] INFO  - Email is entered
16:57:32.492 [main] INFO  - Password is entered
16:57:35.568 [main] INFO  - Signin Button is clicked
16:57:37.593 [main] INFO  - Login test passed
